<?xml version="1.0" encoding="UTF-8" ?>
<testsuites name="vitest tests" tests="41" failures="0" errors="0" time="0.8989838">
    <testsuite name="test/distill.test.ts" timestamp="2026-08-16T06:01:07.752Z" hostname="Acme的电脑" tests="8" failures="0" errors="0" skipped="0" time="0.0709292">
        <testcase classname="test/distill.test.ts" name="D1: distillation parsing &gt; parses a well-formed reply into a full patch" time="0.0060806">
        </testcase>
        <testcase classname="test/distill.test.ts" name="D1: distillation parsing &gt; tolerates fenced / prose-wrapped JSON" time="0.0014374">
        </testcase>
        <testcase classname="test/distill.test.ts" name="D1: distillation parsing &gt; payload includes previous-turn context for relation classification" time="0.0011228">
        </testcase>
        <testcase classname="test/distill.test.ts" name="D2: distillation tolerance &gt; returns null after two unusable replies (no throw)" time="0.0004946">
        </testcase>
        <testcase classname="test/distill.test.ts" name="D2: distillation tolerance &gt; returns null when the model omits tool calls (partial coverage)" time="0.0004784">
        </testcase>
        <testcase classname="test/distill.test.ts" name="D2: distillation tolerance &gt; retries once after a thrown error, then gives up" time="0.0005268">
        </testcase>
        <testcase classname="test/distill.test.ts" name="adapter integration: settled turn gets a patch line &gt; replays events with a good fake llm and produces a patched journal" time="0.0229284">
        </testcase>
        <testcase classname="test/distill.test.ts" name="adapter integration: settled turn gets a patch line &gt; distill failure leaves the fact line untouched (stays pending)" time="0.0172944">
        </testcase>
    </testsuite>
    <testsuite name="test/e2e.test.ts" timestamp="2026-08-16T06:01:07.762Z" hostname="Acme的电脑" tests="2" failures="0" errors="0" skipped="0" time="0.1708794">
        <testcase classname="test/e2e.test.ts" name="S1: escape path (checkpoint fails twice → hard escape) &gt; records failure, steers escape, escapes are booked, distill lands" time="0.0715323">
        </testcase>
        <testcase classname="test/e2e.test.ts" name="S1: success path (checkpoints pass → evidence grows) &gt; advances through checkpoints and strengthens the entry" time="0.0592816">
        </testcase>
    </testsuite>
    <testsuite name="test/engine.test.ts" timestamp="2026-08-16T06:01:07.763Z" hostname="Acme的电脑" tests="10" failures="0" errors="0" skipped="0" time="0.0317099">
        <testcase classname="test/engine.test.ts" name="E1: matcher &gt; filters by status, excludes and orders by level then evidence" time="0.0044449">
        </testcase>
        <testcase classname="test/engine.test.ts" name="E1: matcher &gt; slash-prefixed input never matches" time="0.0018242">
        </testcase>
        <testcase classname="test/engine.test.ts" name="E1: matcher &gt; matchWorkflow returns the LLM-chosen entry and caches identical prompts" time="0.0031246">
        </testcase>
        <testcase classname="test/engine.test.ts" name="E1: matcher &gt; unparsable LLM output yields null (no match, no crash)" time="0.0016518">
        </testcase>
        <testcase classname="test/engine.test.ts" name="E2: injector &gt; renders an L2 skeleton with steps, checkpoints, first-step detail and escape policy" time="0.0039735">
        </testcase>
        <testcase classname="test/engine.test.ts" name="E2: injector &gt; renders an L1 directly (light task path)" time="0.0027793">
        </testcase>
        <testcase classname="test/engine.test.ts" name="E3: tracker state machine &gt; checkpoint pass advances and renders the next step detail" time="0.0042932">
        </testcase>
        <testcase classname="test/engine.test.ts" name="E3: tracker state machine &gt; null outcome (validator unavailable) is treated as pass" time="0.0013739">
        </testcase>
        <testcase classname="test/engine.test.ts" name="E3: tracker state machine &gt; retries then escapes with a hard directive and failure record" time="0.002414">
        </testcase>
        <testcase classname="test/engine.test.ts" name="E3: tracker state machine &gt; exhausted retries switch to the alternative branch" time="0.0026838">
        </testcase>
    </testsuite>
    <testsuite name="test/extract.test.ts" timestamp="2026-08-16T06:01:07.768Z" hostname="Acme的电脑" tests="5" failures="0" errors="0" skipped="0" time="0.292614">
        <testcase classname="test/extract.test.ts" name="X1: segmentation &amp; pattern mining &gt; counts adjacent tool pairs across distinct turns" time="0.0131632">
        </testcase>
        <testcase classname="test/extract.test.ts" name="X1: segmentation &amp; pattern mining &gt; finds recurring patterns at threshold 3 (the B+C cross-boundary demo)" time="0.0097019">
        </testcase>
        <testcase classname="test/extract.test.ts" name="X1: segmentation &amp; pattern mining &gt; aligns completed-task skeletons via LCS fold" time="0.0014931">
        </testcase>
        <testcase classname="test/extract.test.ts" name="X2: extraction pipeline over the session corpus &gt; mines patterns, merges the known combo, creates new entries, learns an alternative" time="0.0800595">
        </testcase>
        <testcase classname="test/extract.test.ts" name="X2: extraction pipeline over the session corpus &gt; dryRun leaves the library untouched" time="0.03766">
        </testcase>
    </testsuite>
    <testsuite name="test/journal.test.ts" timestamp="2026-08-16T06:01:07.770Z" hostname="Acme的电脑" tests="8" failures="0" errors="0" skipped="0" time="0.0973482">
        <testcase classname="test/journal.test.ts" name="J1: fact-line writing &gt; single turn with 3 tools (one error) produces a correct fact line" time="0.0268206">
        </testcase>
        <testcase classname="test/journal.test.ts" name="J1: fact-line writing &gt; two-turn retry chain produces two sequential turns in one block" time="0.015875">
        </testcase>
        <testcase classname="test/journal.test.ts" name="J1: fact-line writing &gt; skill usage markers in expanded user input are captured" time="0.0097885">
        </testcase>
        <testcase classname="test/journal.test.ts" name="J2: patch merging and robustness &gt; appendPatch merges by seq and leaves fact lines untouched" time="0.0067243">
        </testcase>
        <testcase classname="test/journal.test.ts" name="J2: patch merging and robustness &gt; a truncated last line is skipped without failing the read" time="0.0039722">
        </testcase>
        <testcase classname="test/journal.test.ts" name="J2: patch merging and robustness &gt; patch for unknown seq is ignored" time="0.0072636">
        </testcase>
        <testcase classname="test/journal.test.ts" name="refId resolution (object identity) &gt; matches user and assistant messages against entry tail" time="0.0005993">
        </testcase>
        <testcase classname="test/journal.test.ts" name="refId resolution (object identity) &gt; returns nulls when messages are absent from entries" time="0.0005178">
        </testcase>
    </testsuite>
    <testsuite name="test/live.test.ts" timestamp="2026-08-16T06:01:07.774Z" hostname="Acme的电脑" tests="3" failures="0" errors="0" skipped="3" time="0">
        <testcase classname="test/live.test.ts" name="live: real-model prompt quality &gt; live distill produces a full patch" time="0">
            <skipped/>
        </testcase>
        <testcase classname="test/live.test.ts" name="live: real-model prompt quality &gt; live match selects the seed workflow" time="0">
            <skipped/>
        </testcase>
        <testcase classname="test/live.test.ts" name="live: real-model prompt quality &gt; live validator judges both directions" time="0">
            <skipped/>
        </testcase>
    </testsuite>
    <testsuite name="test/store.test.ts" timestamp="2026-08-16T06:01:07.777Z" hostname="Acme的电脑" tests="5" failures="0" errors="0" skipped="0" time="0.2355031">
        <testcase classname="test/store.test.ts" name="V1: store transitions &gt; new entity starts probation; second evidence promotes to active" time="0.0260052">
        </testcase>
        <testcase classname="test/store.test.ts" name="V1: store transitions &gt; escape pressure degrades active → probation → deprecated" time="0.0646377">
        </testcase>
        <testcase classname="test/store.test.ts" name="V1: store transitions &gt; healthy usage without escapes never degrades" time="0.0497741">
        </testcase>
        <testcase classname="test/store.test.ts" name="V1: store transitions &gt; mergeInto bumps evidence on the existing entry" time="0.0297931">
        </testcase>
        <testcase classname="test/store.test.ts" name="V1: store transitions &gt; seed fixture is loadable from the repository" time="0.0087606">
        </testcase>
    </testsuite>
</testsuites>
